Using pre-set license
Built from '2020.2/release' branch; Version is '2020.2.2f1 (068178b99f32) revision 426360'; Using compiler version '192528614'; Build Type 'Release'
OS: 'Windows 10 Home; OS build 19042.746; Version 2009; 64bit' Language: 'en' Physical Memory: 16328 MB
BatchMode: 1, IsHumanControllingUs: 0, StartBugReporterOnCrash: 0, Is64bit: 1, IsPro: 0

 COMMAND LINE ARGUMENTS:
E:\Program Files\Unity\2020.2.2f1\Editor\Unity.exe
-adb2
-batchMode
-noUpm
-name
AssetImportWorker1
-projectPath
E:/justi/Documents/repos/CPTC-Visualization/Unity Project/CPTC Visualizer
-logFile
Logs/AssetImportWorker1.log
-srvPort
59816
Successfully changed project path to: E:/justi/Documents/repos/CPTC-Visualization/Unity Project/CPTC Visualizer
E:/justi/Documents/repos/CPTC-Visualization/Unity Project/CPTC Visualizer
Using Asset Import Pipeline V2.
Refreshing native plugins compatible for Editor in 708.94 ms, found 1 plugins.
Preloading 0 native plugins for Editor in 0.00 ms.
Initialize engine version: 2020.2.2f1 (068178b99f32)
[Subsystems] Discovering subsystems at path E:/Program Files/Unity/2020.2.2f1/Editor/Data/Resources/UnitySubsystems
[Subsystems] Discovering subsystems at path E:/justi/Documents/repos/CPTC-Visualization/Unity Project/CPTC Visualizer/Assets
GfxDevice: creating device client; threaded=0
Direct3D:
    Version:  Direct3D 11.0 [level 11.1]
    Renderer: Radeon (TM) RX 480 Graphics (ID=0x67df)
    Vendor:   
    VRAM:     8171 MB
    Driver:   27.20.14501.18003
Initialize mono
Mono path[0] = 'E:/Program Files/Unity/2020.2.2f1/Editor/Data/Managed'
Mono path[1] = 'E:/Program Files/Unity/2020.2.2f1/Editor/Data/MonoBleedingEdge/lib/mono/unityjit'
Mono config path = 'E:/Program Files/Unity/2020.2.2f1/Editor/Data/MonoBleedingEdge/etc'
Using monoOptions --debugger-agent=transport=dt_socket,embedding=1,server=y,suspend=n,address=127.0.0.1:56440
Begin MonoManager ReloadAssembly
Registering precompiled unity dll's ...
Register platform support module: E:/Program Files/Unity/2020.2.2f1/Editor/Data/PlaybackEngines/WebGLSupport/UnityEditor.WebGL.Extensions.dll
Register platform support module: E:/Program Files/Unity/2020.2.2f1/Editor/Data/PlaybackEngines/MacStandaloneSupport/UnityEditor.OSXStandalone.Extensions.dll
Register platform support module: E:/Program Files/Unity/2020.2.2f1/Editor/Data/PlaybackEngines/WindowsStandaloneSupport/UnityEditor.WindowsStandalone.Extensions.dll
Register platform support module: E:/Program Files/Unity/2020.2.2f1/Editor/Data/PlaybackEngines/LinuxStandaloneSupport/UnityEditor.LinuxStandalone.Extensions.dll
Registered in 0.003260 seconds.
Native extension for LinuxStandalone target not found
Native extension for WindowsStandalone target not found
Native extension for OSXStandalone target not found
Native extension for WebGL target not found
Refreshing native plugins compatible for Editor in 57.89 ms, found 1 plugins.
Preloading 0 native plugins for Editor in 0.00 ms.
Invoked RoslynAnalysisRunner static constructor.
RoslynAnalysisRunner will not be running.
RoslynAnalysisRunner has terminated.
Mono: successfully reloaded assembly
- Completed reload, in 21.194 seconds
Platform modules already initialized, skipping
Registering precompiled user dll's ...
Registered in 0.001770 seconds.
Begin MonoManager ReloadAssembly
Symbol file data-0000029340E05020 doesn't match image E:\justi\Documents\repos\CPTC-Visualization\Unity Project\CPTC Visualizer\Library\ScriptAssemblies\Unity.2D.Animation.Editor.dll
Symbol file LoadedFromMemory is not a mono symbol file
Symbol file data-00000294FD8BDBD0 doesn't match image E:\justi\Documents\repos\CPTC-Visualization\Unity Project\CPTC Visualizer\Library\ScriptAssemblies\Unity.InternalAPIEngineBridge.001.dll
Symbol file LoadedFromMemory is not a mono symbol file
Symbol file data-00000294FF279840 doesn't match image E:\justi\Documents\repos\CPTC-Visualization\Unity Project\CPTC Visualizer\Library\ScriptAssemblies\Unity.VSCode.Editor.dll
Symbol file LoadedFromMemory is not a mono symbol file
Symbol file data-00000294FD5AACC0 doesn't match image E:\justi\Documents\repos\CPTC-Visualization\Unity Project\CPTC Visualizer\Library\ScriptAssemblies\Unity.2D.PixelPerfect.dll
Symbol file LoadedFromMemory is not a mono symbol file
Symbol file data-00000294FF18C050 doesn't match image E:\justi\Documents\repos\CPTC-Visualization\Unity Project\CPTC Visualizer\Library\ScriptAssemblies\Unity.2D.Tilemap.Editor.dll
Symbol file LoadedFromMemory is not a mono symbol file
Symbol file data-00000294FF1A0E60 doesn't match image E:\justi\Documents\repos\CPTC-Visualization\Unity Project\CPTC Visualizer\Library\ScriptAssemblies\PsdPlugin.dll
Symbol file LoadedFromMemory is not a mono symbol file
Symbol file data-00000294FD703010 doesn't match image E:\justi\Documents\repos\CPTC-Visualization\Unity Project\CPTC Visualizer\Library\ScriptAssemblies\Unity.TextMeshPro.Editor.dll
Symbol file LoadedFromMemory is not a mono symbol file
Symbol file data-0000029340E3C230 doesn't match image E:\justi\Documents\repos\CPTC-Visualization\Unity Project\CPTC Visualizer\Library\ScriptAssemblies\Unity.VisualStudio.Editor.dll
Symbol file LoadedFromMemory is not a mono symbol file
Symbol file data-00000294FF7B6020 doesn't match image E:\justi\Documents\repos\CPTC-Visualization\Unity Project\CPTC Visualizer\Library\ScriptAssemblies\UnityEngine.TestRunner.dll
Symbol file LoadedFromMemory is not a mono symbol file
Symbol file data-00000294FF7D8C30 doesn't match image E:\justi\Documents\repos\CPTC-Visualization\Unity Project\CPTC Visualizer\Library\ScriptAssemblies\Unity.Timeline.dll
Symbol file LoadedFromMemory is not a mono symbol file
Symbol file data-00000294FF2C1010 doesn't match image E:\justi\Documents\repos\CPTC-Visualization\Unity Project\CPTC Visualizer\Library\ScriptAssemblies\Unity.TextMeshPro.dll
Symbol file LoadedFromMemory is not a mono symbol file
Symbol file data-00000294FF7D8C30 doesn't match image E:\justi\Documents\repos\CPTC-Visualization\Unity Project\CPTC Visualizer\Library\ScriptAssemblies\UnityEditor.TestRunner.dll
Symbol file LoadedFromMemory is not a mono symbol file
Symbol file data-00000294FF1B3CE0 doesn't match image E:\justi\Documents\repos\CPTC-Visualization\Unity Project\CPTC Visualizer\Library\ScriptAssemblies\Unity.Searcher.Editor.dll
Symbol file LoadedFromMemory is not a mono symbol file
Symbol file data-000002934107A230 doesn't match image E:\justi\Documents\repos\CPTC-Visualization\Unity Project\CPTC Visualizer\Library\ScriptAssemblies\Unity.2D.IK.Editor.dll
Symbol file LoadedFromMemory is not a mono symbol file
Symbol file data-00000294FFA1A620 doesn't match image E:\justi\Documents\repos\CPTC-Visualization\Unity Project\CPTC Visualizer\Library\ScriptAssemblies\Unity.2D.Sprite.Editor.dll
Symbol file LoadedFromMemory is not a mono symbol file
Symbol file data-00000294FF2F9A30 doesn't match image E:\justi\Documents\repos\CPTC-Visualization\Unity Project\CPTC Visualizer\Library\ScriptAssemblies\Unity.2D.Psdimporter.Editor.dll
Symbol file LoadedFromMemory is not a mono symbol file
Symbol file data-0000029340811010 doesn't match image E:\justi\Documents\repos\CPTC-Visualization\Unity Project\CPTC Visualizer\Library\ScriptAssemblies\Unity.2D.Path.Editor.dll
Symbol file LoadedFromMemory is not a mono symbol file
Symbol file data-00000294FD5A0220 doesn't match image E:\justi\Documents\repos\CPTC-Visualization\Unity Project\CPTC Visualizer\Library\ScriptAssemblies\Unity.ShaderGraph.Utilities.dll
Symbol file LoadedFromMemory is not a mono symbol file
Symbol file data-00000294FF948010 doesn't match image E:\justi\Documents\repos\CPTC-Visualization\Unity Project\CPTC Visualizer\Library\ScriptAssemblies\Unity.RenderPipelines.Core.Runtime.dll
Symbol file LoadedFromMemory is not a mono symbol file
Symbol file data-00000294FF2F9A30 doesn't match image E:\justi\Documents\repos\CPTC-Visualization\Unity Project\CPTC Visualizer\Library\ScriptAssemblies\UnityEditor.UI.dll
Symbol file LoadedFromMemory is not a mono symbol file
Symbol file data-00000294FDA4F010 doesn't match image E:\justi\Documents\repos\CPTC-Visualization\Unity Project\CPTC Visualizer\Library\ScriptAssemblies\Unity.InputSystem.dll
Symbol file LoadedFromMemory is not a mono symbol file
Symbol file data-00000294FF2F9A30 doesn't match image E:\justi\Documents\repos\CPTC-Visualization\Unity Project\CPTC Visualizer\Library\ScriptAssemblies\Unity.Rider.Editor.dll
Symbol file LoadedFromMemory is not a mono symbol file
Symbol file data-0000029340A002B0 doesn't match image E:\justi\Documents\repos\CPTC-Visualization\Unity Project\CPTC Visualizer\Library\ScriptAssemblies\Unity.RenderPipelines.Core.ShaderLibrary.dll
Symbol file LoadedFromMemory is not a mono symbol file
Symbol file data-00000294FF6FC010 doesn't match image E:\justi\Documents\repos\CPTC-Visualization\Unity Project\CPTC Visualizer\Library\ScriptAssemblies\UnityEngine.UI.dll
Symbol file LoadedFromMemory is not a mono symbol file
Symbol file data-00000294FD65F020 doesn't match image E:\justi\Documents\repos\CPTC-Visualization\Unity Project\CPTC Visualizer\Library\ScriptAssemblies\Unity.InternalAPIEditorBridge.001.dll
Symbol file LoadedFromMemory is not a mono symbol file
Symbol file data-00000294FDA4F010 doesn't match image E:\justi\Documents\repos\CPTC-Visualization\Unity Project\CPTC Visualizer\Library\ScriptAssemblies\Unity.Mathematics.dll
Symbol file LoadedFromMemory is not a mono symbol file
Symbol file data-000002934107A230 doesn't match image E:\justi\Documents\repos\CPTC-Visualization\Unity Project\CPTC Visualizer\Library\ScriptAssemblies\Unity.2D.IK.Runtime.dll
Symbol file LoadedFromMemory is not a mono symbol file
Symbol file data-00000294FDA4F010 doesn't match image E:\justi\Documents\repos\CPTC-Visualization\Unity Project\CPTC Visualizer\Library\ScriptAssemblies\Unity.ShaderGraph.Editor.dll
Symbol file LoadedFromMemory is not a mono symbol file
Symbol file data-00000294FF8A0010 doesn't match image E:\justi\Documents\repos\CPTC-Visualization\Unity Project\CPTC Visualizer\Library\ScriptAssemblies\Unity.2D.Animation.Triangle.Runtime.dll
Symbol file LoadedFromMemory is not a mono symbol file
Symbol file data-00000294FFA2D830 doesn't match image E:\justi\Documents\repos\CPTC-Visualization\Unity Project\CPTC Visualizer\Library\ScriptAssemblies\Unity.2D.Animation.Runtime.dll
Symbol file LoadedFromMemory is not a mono symbol file
Symbol file data-00000294FD8D3020 doesn't match image E:\justi\Documents\repos\CPTC-Visualization\Unity Project\CPTC Visualizer\Library\ScriptAssemblies\Unity.2D.PixelPerfect.Editor.dll
Symbol file LoadedFromMemory is not a mono symbol file
Symbol file data-00000293409FF2B0 doesn't match image E:\justi\Documents\repos\CPTC-Visualization\Unity Project\CPTC Visualizer\Library\ScriptAssemblies\Unity.RenderPipelines.ShaderGraph.ShaderGraphLibrary.dll
Symbol file LoadedFromMemory is not a mono symbol file
Symbol file data-00000294FFCD5030 doesn't match image E:\justi\Documents\repos\CPTC-Visualization\Unity Project\CPTC Visualizer\Library\ScriptAssemblies\Unity.Timeline.Editor.dll
Symbol file LoadedFromMemory is not a mono symbol file
Symbol file data-00000293406A7EA0 doesn't match image E:\justi\Documents\repos\CPTC-Visualization\Unity Project\CPTC Visualizer\Library\ScriptAssemblies\Unity.CollabProxy.Editor.dll
Symbol file LoadedFromMemory is not a mono symbol file
Symbol file data-00000294FD5AACC0 doesn't match image E:\justi\Documents\repos\CPTC-Visualization\Unity Project\CPTC Visualizer\Library\ScriptAssemblies\Unity.Mathematics.Editor.dll
Symbol file LoadedFromMemory is not a mono symbol file
Symbol file data-00000294FF73DE40 doesn't match image E:\justi\Documents\repos\CPTC-Visualization\Unity Project\CPTC Visualizer\Library\ScriptAssemblies\Unity.2D.Common.Runtime.dll
Symbol file LoadedFromMemory is not a mono symbol file
Symbol file data-00000293406A7EA0 doesn't match image E:\justi\Documents\repos\CPTC-Visualization\Unity Project\CPTC Visualizer\Library\ScriptAssemblies\Unity.2D.SpriteShape.Editor.dll
Symbol file LoadedFromMemory is not a mono symbol file
Symbol file data-00000294FF985C40 doesn't match image E:\justi\Documents\repos\CPTC-Visualization\Unity Project\CPTC Visualizer\Library\ScriptAssemblies\Unity.2D.Common.Editor.dll
Symbol file LoadedFromMemory is not a mono symbol file
Symbol file data-00000294FF84C010 doesn't match image E:\justi\Documents\repos\CPTC-Visualization\Unity Project\CPTC Visualizer\Library\ScriptAssemblies\Unity.RenderPipelines.Core.Editor.dll
Symbol file LoadedFromMemory is not a mono symbol file
Symbol file data-00000294FF8C7620 doesn't match image E:\justi\Documents\repos\CPTC-Visualization\Unity Project\CPTC Visualizer\Library\ScriptAssemblies\Unity.2D.SpriteShape.Runtime.dll
Symbol file LoadedFromMemory is not a mono symbol file
Native extension for LinuxStandalone target not found
Native extension for WindowsStandalone target not found
Native extension for OSXStandalone target not found
Native extension for WebGL target not found
Refreshing native plugins compatible for Editor in 74.68 ms, found 1 plugins.
Preloading 0 native plugins for Editor in 0.00 ms.
Invoked RoslynAnalysisRunner static constructor.
RoslynAnalysisRunner will not be running.
RoslynAnalysisRunner has terminated.
Mono: successfully reloaded assembly
- Completed reload, in  1.510 seconds
Platform modules already initialized, skipping
========================================================================
Worker process is ready to serve import requests
Launched and connected shader compiler UnityShaderCompiler.exe after 0.27 seconds
Refreshing native plugins compatible for Editor in 0.65 ms, found 1 plugins.
Preloading 0 native plugins for Editor in 0.00 ms.
Unloading 2894 Unused Serialized files (Serialized files now loaded: 0)
System memory in use before: 118.8 MB.
System memory in use after: 118.8 MB.

Unloading 27 unused Assets to reduce memory usage. Loaded Objects now: 3341.
Total: 5.303100 ms (FindLiveObjects: 0.438200 ms CreateObjectMapping: 0.470700 ms MarkObjects: 4.240300 ms  DeleteObjects: 0.151300 ms)

========================================================================
Received Import Request.
  path: Assets/Prefabs/UI Items
  artifactKey: Guid(3deaa4f42572da54b91cdb16e9b3c06c) Importer(815301076,1909f56bfc062723c751e8b465ee728b)
Start importing Assets/Prefabs/UI Items using Guid(3deaa4f42572da54b91cdb16e9b3c06c) Importer(815301076,1909f56bfc062723c751e8b465ee728b)  -> (artifact id: '185ec65e922c3fbd991cf546c8d0a31a') in 0.045821 seconds
  Import took 0.068668 seconds .

========================================================================
Received Import Request.
  Time since last request: 0.016527 seconds.
  path: Assets/Scripts/Data Containers
  artifactKey: Guid(506f103a911c2914aaeb322184b4ea63) Importer(815301076,1909f56bfc062723c751e8b465ee728b)
Start importing Assets/Scripts/Data Containers using Guid(506f103a911c2914aaeb322184b4ea63) Importer(815301076,1909f56bfc062723c751e8b465ee728b)  -> (artifact id: 'c63f9a2f17d4ce0b0ec8868bce3ee55f') in 0.042290 seconds
  Import took 0.055128 seconds .

========================================================================
Received Import Request.
  Time since last request: 0.012673 seconds.
  path: Assets/Prefabs/Managers/UI Manager.prefab
  artifactKey: Guid(59125007fb681ce4e9611e4ecfe48a1a) Importer(815301076,1909f56bfc062723c751e8b465ee728b)
Start importing Assets/Prefabs/Managers/UI Manager.prefab using Guid(59125007fb681ce4e9611e4ecfe48a1a) Importer(815301076,1909f56bfc062723c751e8b465ee728b)  -> (artifact id: 'd941e473e2bca148dbff4c7c77f47bb5') in 0.174900 seconds
  Import took 0.201874 seconds .

========================================================================
Received Import Request.
  Time since last request: 0.000564 seconds.
  path: Assets/Prefabs/Managers
  artifactKey: Guid(416217d52cb54944f8d2ec7feea41914) Importer(815301076,1909f56bfc062723c751e8b465ee728b)
Start importing Assets/Prefabs/Managers using Guid(416217d52cb54944f8d2ec7feea41914) Importer(815301076,1909f56bfc062723c751e8b465ee728b)  -> (artifact id: '57e8d04b0624eada44c452a63729aa14') in 0.010602 seconds
  Import took 0.017136 seconds .

========================================================================
Received Import Request.
  Time since last request: 0.001232 seconds.
  path: Assets/Prefabs/Managers/Infrastructure Manager.prefab
  artifactKey: Guid(4981e6d4588497b4b93df4cc6d8cea7e) Importer(815301076,1909f56bfc062723c751e8b465ee728b)
Start importing Assets/Prefabs/Managers/Infrastructure Manager.prefab using Guid(4981e6d4588497b4b93df4cc6d8cea7e) Importer(815301076,1909f56bfc062723c751e8b465ee728b)  -> (artifact id: 'dafe902871fe4f7e9902e032cd979083') in 0.011062 seconds
  Import took 0.018338 seconds .

========================================================================
Received Import Request.
  Time since last request: 17.058069 seconds.
  path: Assets/Prefabs/UI Items/TeamButton.prefab
  artifactKey: Guid(d57865530575a6c4198c1281c021f867) Importer(815301076,1909f56bfc062723c751e8b465ee728b)
Start importing Assets/Prefabs/UI Items/TeamButton.prefab using Guid(d57865530575a6c4198c1281c021f867) Importer(815301076,1909f56bfc062723c751e8b465ee728b)  -> (artifact id: '23a32e711730ea76e72ddbc1d7b46915') in 0.033021 seconds
  Import took 0.051257 seconds .

========================================================================
Received Prepare
Registering precompiled user dll's ...
Registered in 0.001818 seconds.
Begin MonoManager ReloadAssembly
Symbol file data-00000293442D3030 doesn't match image E:\justi\Documents\repos\CPTC-Visualization\Unity Project\CPTC Visualizer\Library\ScriptAssemblies\Unity.2D.Animation.Editor.dll
Symbol file LoadedFromMemory is not a mono symbol file
Symbol file data-0000029344478910 doesn't match image E:\justi\Documents\repos\CPTC-Visualization\Unity Project\CPTC Visualizer\Library\ScriptAssemblies\Unity.InternalAPIEngineBridge.001.dll
Symbol file LoadedFromMemory is not a mono symbol file
Symbol file data-0000029340D24020 doesn't match image E:\justi\Documents\repos\CPTC-Visualization\Unity Project\CPTC Visualizer\Library\ScriptAssemblies\Unity.VSCode.Editor.dll
Symbol file LoadedFromMemory is not a mono symbol file
Symbol file data-0000029341140A70 doesn't match image E:\justi\Documents\repos\CPTC-Visualization\Unity Project\CPTC Visualizer\Library\ScriptAssemblies\Unity.2D.PixelPerfect.dll
Symbol file LoadedFromMemory is not a mono symbol file
Symbol file data-0000029343FF3030 doesn't match image E:\justi\Documents\repos\CPTC-Visualization\Unity Project\CPTC Visualizer\Library\ScriptAssemblies\Unity.2D.Tilemap.Editor.dll
Symbol file LoadedFromMemory is not a mono symbol file
Symbol file data-00000294FD44AE90 doesn't match image E:\justi\Documents\repos\CPTC-Visualization\Unity Project\CPTC Visualizer\Library\ScriptAssemblies\PsdPlugin.dll
Symbol file LoadedFromMemory is not a mono symbol file
Symbol file data-0000029340AA6010 doesn't match image E:\justi\Documents\repos\CPTC-Visualization\Unity Project\CPTC Visualizer\Library\ScriptAssemblies\Unity.TextMeshPro.Editor.dll
Symbol file LoadedFromMemory is not a mono symbol file
Symbol file data-00000294FD606030 doesn't match image E:\justi\Documents\repos\CPTC-Visualization\Unity Project\CPTC Visualizer\Library\ScriptAssemblies\Unity.VisualStudio.Editor.dll
Symbol file LoadedFromMemory is not a mono symbol file
Symbol file data-00000294FD44AE90 doesn't match image E:\justi\Documents\repos\CPTC-Visualization\Unity Project\CPTC Visualizer\Library\ScriptAssemblies\UnityEngine.TestRunner.dll
Symbol file LoadedFromMemory is not a mono symbol file
Symbol file data-0000029343A4A010 doesn't match image E:\justi\Documents\repos\CPTC-Visualization\Unity Project\CPTC Visualizer\Library\ScriptAssemblies\Unity.Timeline.dll
Symbol file LoadedFromMemory is not a mono symbol file
Symbol file data-00000293442D3030 doesn't match image E:\justi\Documents\repos\CPTC-Visualization\Unity Project\CPTC Visualizer\Library\ScriptAssemblies\Unity.TextMeshPro.dll
Symbol file LoadedFromMemory is not a mono symbol file
Symbol file data-0000029343A4A010 doesn't match image E:\justi\Documents\repos\CPTC-Visualization\Unity Project\CPTC Visualizer\Library\ScriptAssemblies\UnityEditor.TestRunner.dll
Symbol file LoadedFromMemory is not a mono symbol file
Symbol file data-0000029340D24020 doesn't match image E:\justi\Documents\repos\CPTC-Visualization\Unity Project\CPTC Visualizer\Library\ScriptAssemblies\Unity.Searcher.Editor.dll
Symbol file LoadedFromMemory is not a mono symbol file
Symbol file data-00000294FD4542A0 doesn't match image E:\justi\Documents\repos\CPTC-Visualization\Unity Project\CPTC Visualizer\Library\ScriptAssemblies\Unity.2D.IK.Editor.dll
Symbol file LoadedFromMemory is not a mono symbol file
Symbol file data-0000029343A52020 doesn't match image E:\justi\Documents\repos\CPTC-Visualization\Unity Project\CPTC Visualizer\Library\ScriptAssemblies\Unity.2D.Sprite.Editor.dll
Symbol file LoadedFromMemory is not a mono symbol file
Symbol file data-00000294FD72D620 doesn't match image E:\justi\Documents\repos\CPTC-Visualization\Unity Project\CPTC Visualizer\Library\ScriptAssemblies\Unity.2D.Psdimporter.Editor.dll
Symbol file LoadedFromMemory is not a mono symbol file
Symbol file data-00000294FFD85020 doesn't match image E:\justi\Documents\repos\CPTC-Visualization\Unity Project\CPTC Visualizer\Library\ScriptAssemblies\Unity.2D.Path.Editor.dll
Symbol file LoadedFromMemory is not a mono symbol file
Symbol file data-00000294FEF933A0 doesn't match image E:\justi\Documents\repos\CPTC-Visualization\Unity Project\CPTC Visualizer\Library\ScriptAssemblies\Unity.ShaderGraph.Utilities.dll
Symbol file LoadedFromMemory is not a mono symbol file
Symbol file data-00000294FFD85020 doesn't match image E:\justi\Documents\repos\CPTC-Visualization\Unity Project\CPTC Visualizer\Library\ScriptAssemblies\Unity.RenderPipelines.Core.Runtime.dll
Symbol file LoadedFromMemory is not a mono symbol file
Symbol file data-00000294FFD9AA30 doesn't match image E:\justi\Documents\repos\CPTC-Visualization\Unity Project\CPTC Visualizer\Library\ScriptAssemblies\UnityEditor.UI.dll
Symbol file LoadedFromMemory is not a mono symbol file
Symbol file data-00000294FFDC9010 doesn't match image E:\justi\Documents\repos\CPTC-Visualization\Unity Project\CPTC Visualizer\Library\ScriptAssemblies\Unity.InputSystem.dll
Symbol file LoadedFromMemory is not a mono symbol file
Symbol file data-00000294FF0F8D70 doesn't match image E:\justi\Documents\repos\CPTC-Visualization\Unity Project\CPTC Visualizer\Library\ScriptAssemblies\Unity.Rider.Editor.dll
Symbol file LoadedFromMemory is not a mono symbol file
Symbol file data-00000294FD459920 doesn't match image E:\justi\Documents\repos\CPTC-Visualization\Unity Project\CPTC Visualizer\Library\ScriptAssemblies\Unity.RenderPipelines.Core.ShaderLibrary.dll
Symbol file LoadedFromMemory is not a mono symbol file
Symbol file data-00000294FF8A0010 doesn't match image E:\justi\Documents\repos\CPTC-Visualization\Unity Project\CPTC Visualizer\Library\ScriptAssemblies\UnityEngine.UI.dll
Symbol file LoadedFromMemory is not a mono symbol file
Symbol file data-0000029343A65230 doesn't match image E:\justi\Documents\repos\CPTC-Visualization\Unity Project\CPTC Visualizer\Library\ScriptAssemblies\Unity.InternalAPIEditorBridge.001.dll
Symbol file LoadedFromMemory is not a mono symbol file
Symbol file data-0000029340784010 doesn't match image E:\justi\Documents\repos\CPTC-Visualization\Unity Project\CPTC Visualizer\Library\ScriptAssemblies\Unity.Mathematics.dll
Symbol file LoadedFromMemory is not a mono symbol file
Symbol file data-00000294FD4542A0 doesn't match image E:\justi\Documents\repos\CPTC-Visualization\Unity Project\CPTC Visualizer\Library\ScriptAssemblies\Unity.2D.IK.Runtime.dll
Symbol file LoadedFromMemory is not a mono symbol file
Symbol file data-0000029340784010 doesn't match image E:\justi\Documents\repos\CPTC-Visualization\Unity Project\CPTC Visualizer\Library\ScriptAssemblies\Unity.ShaderGraph.Editor.dll
Symbol file LoadedFromMemory is not a mono symbol file
Symbol file data-00000294FF644010 doesn't match image E:\justi\Documents\repos\CPTC-Visualization\Unity Project\CPTC Visualizer\Library\ScriptAssemblies\Unity.2D.Animation.Triangle.Runtime.dll
Symbol file LoadedFromMemory is not a mono symbol file
Symbol file data-00000294FD606030 doesn't match image E:\justi\Documents\repos\CPTC-Visualization\Unity Project\CPTC Visualizer\Library\ScriptAssemblies\Unity.2D.Animation.Runtime.dll
Symbol file LoadedFromMemory is not a mono symbol file
Symbol file data-00000293742EA0C0 doesn't match image E:\justi\Documents\repos\CPTC-Visualization\Unity Project\CPTC Visualizer\Library\ScriptAssemblies\Unity.2D.PixelPerfect.Editor.dll
Symbol file LoadedFromMemory is not a mono symbol file
Symbol file data-00000294FD459520 doesn't match image E:\justi\Documents\repos\CPTC-Visualization\Unity Project\CPTC Visualizer\Library\ScriptAssemblies\Unity.RenderPipelines.ShaderGraph.ShaderGraphLibrary.dll
Symbol file LoadedFromMemory is not a mono symbol file
Symbol file data-00000293435A2020 doesn't match image E:\justi\Documents\repos\CPTC-Visualization\Unity Project\CPTC Visualizer\Library\ScriptAssemblies\Unity.Timeline.Editor.dll
Symbol file LoadedFromMemory is not a mono symbol file
Symbol file data-00000294FD914340 doesn't match image E:\justi\Documents\repos\CPTC-Visualization\Unity Project\CPTC Visualizer\Library\ScriptAssemblies\Unity.CollabProxy.Editor.dll
Symbol file LoadedFromMemory is not a mono symbol file
Symbol file data-0000029341140A70 doesn't match image E:\justi\Documents\repos\CPTC-Visualization\Unity Project\CPTC Visualizer\Library\ScriptAssemblies\Unity.Mathematics.Editor.dll
Symbol file LoadedFromMemory is not a mono symbol file
Symbol file data-00000294FD513460 doesn't match image E:\justi\Documents\repos\CPTC-Visualization\Unity Project\CPTC Visualizer\Library\ScriptAssemblies\Unity.2D.Common.Runtime.dll
Symbol file LoadedFromMemory is not a mono symbol file
Symbol file data-00000294FD914340 doesn't match image E:\justi\Documents\repos\CPTC-Visualization\Unity Project\CPTC Visualizer\Library\ScriptAssemblies\Unity.2D.SpriteShape.Editor.dll
Symbol file LoadedFromMemory is not a mono symbol file
Symbol file data-00000294FD4542A0 doesn't match image E:\justi\Documents\repos\CPTC-Visualization\Unity Project\CPTC Visualizer\Library\ScriptAssemblies\Unity.2D.Common.Editor.dll
Symbol file LoadedFromMemory is not a mono symbol file
Symbol file data-00000294FF644010 doesn't match image E:\justi\Documents\repos\CPTC-Visualization\Unity Project\CPTC Visualizer\Library\ScriptAssemblies\Unity.RenderPipelines.Core.Editor.dll
Symbol file LoadedFromMemory is not a mono symbol file
Symbol file data-00000294FF99C010 doesn't match image E:\justi\Documents\repos\CPTC-Visualization\Unity Project\CPTC Visualizer\Library\ScriptAssemblies\Unity.2D.SpriteShape.Runtime.dll
Symbol file LoadedFromMemory is not a mono symbol file
Native extension for LinuxStandalone target not found
Native extension for WindowsStandalone target not found
Native extension for OSXStandalone target not found
Native extension for WebGL target not found
Refreshing native plugins compatible for Editor in 0.48 ms, found 1 plugins.
Preloading 0 native plugins for Editor in 0.00 ms.
Invoked RoslynAnalysisRunner static constructor.
RoslynAnalysisRunner will not be running.
RoslynAnalysisRunner has terminated.
Mono: successfully reloaded assembly
- Completed reload, in  1.915 seconds
Platform modules already initialized, skipping
Refreshing native plugins compatible for Editor in 2.08 ms, found 1 plugins.
Preloading 0 native plugins for Editor in 0.00 ms.
Unloading 2883 Unused Serialized files (Serialized files now loaded: 0)
System memory in use before: 118.7 MB.
System memory in use after: 118.8 MB.

Unloading 14 unused Assets to reduce memory usage. Loaded Objects now: 3346.
Total: 24.615400 ms (FindLiveObjects: 2.176200 ms CreateObjectMapping: 0.400700 ms MarkObjects: 21.548300 ms  DeleteObjects: 0.488200 ms)

========================================================================
Received Prepare
Registering precompiled user dll's ...
Registered in 0.002233 seconds.
Begin MonoManager ReloadAssembly
Symbol file data-00000293442D3030 doesn't match image E:\justi\Documents\repos\CPTC-Visualization\Unity Project\CPTC Visualizer\Library\ScriptAssemblies\Unity.2D.Animation.Editor.dll
Symbol file LoadedFromMemory is not a mono symbol file
Symbol file data-00000293444791B0 doesn't match image E:\justi\Documents\repos\CPTC-Visualization\Unity Project\CPTC Visualizer\Library\ScriptAssemblies\Unity.InternalAPIEngineBridge.001.dll
Symbol file LoadedFromMemory is not a mono symbol file
Symbol file data-00000293430A8010 doesn't match image E:\justi\Documents\repos\CPTC-Visualization\Unity Project\CPTC Visualizer\Library\ScriptAssemblies\Unity.VSCode.Editor.dll
Symbol file LoadedFromMemory is not a mono symbol file
Symbol file data-0000029343B0D220 doesn't match image E:\justi\Documents\repos\CPTC-Visualization\Unity Project\CPTC Visualizer\Library\ScriptAssemblies\Unity.2D.PixelPerfect.dll
Symbol file LoadedFromMemory is not a mono symbol file
Symbol file data-00000294FD410C50 doesn't match image E:\justi\Documents\repos\CPTC-Visualization\Unity Project\CPTC Visualizer\Library\ScriptAssemblies\Unity.2D.Tilemap.Editor.dll
Symbol file LoadedFromMemory is not a mono symbol file
Symbol file data-0000029341135860 doesn't match image E:\justi\Documents\repos\CPTC-Visualization\Unity Project\CPTC Visualizer\Library\ScriptAssemblies\PsdPlugin.dll
Symbol file LoadedFromMemory is not a mono symbol file
Symbol file data-0000029343FF3030 doesn't match image E:\justi\Documents\repos\CPTC-Visualization\Unity Project\CPTC Visualizer\Library\ScriptAssemblies\Unity.TextMeshPro.Editor.dll
Symbol file LoadedFromMemory is not a mono symbol file
Symbol file data-00000294FD606030 doesn't match image E:\justi\Documents\repos\CPTC-Visualization\Unity Project\CPTC Visualizer\Library\ScriptAssemblies\Unity.VisualStudio.Editor.dll
Symbol file LoadedFromMemory is not a mono symbol file
Symbol file data-0000029341135860 doesn't match image E:\justi\Documents\repos\CPTC-Visualization\Unity Project\CPTC Visualizer\Library\ScriptAssemblies\UnityEngine.TestRunner.dll
Symbol file LoadedFromMemory is not a mono symbol file
Symbol file data-0000029340F464A0 doesn't match image E:\justi\Documents\repos\CPTC-Visualization\Unity Project\CPTC Visualizer\Library\ScriptAssemblies\Unity.Timeline.dll
Symbol file LoadedFromMemory is not a mono symbol file
Symbol file data-0000029344889010 doesn't match image E:\justi\Documents\repos\CPTC-Visualization\Unity Project\CPTC Visualizer\Library\ScriptAssemblies\Unity.TextMeshPro.dll
Symbol file LoadedFromMemory is not a mono symbol file
Symbol file data-0000029340F464A0 doesn't match image E:\justi\Documents\repos\CPTC-Visualization\Unity Project\CPTC Visualizer\Library\ScriptAssemblies\UnityEditor.TestRunner.dll
Symbol file LoadedFromMemory is not a mono symbol file
Symbol file data-00000294FD444E40 doesn't match image E:\justi\Documents\repos\CPTC-Visualization\Unity Project\CPTC Visualizer\Library\ScriptAssemblies\Unity.Searcher.Editor.dll
Symbol file LoadedFromMemory is not a mono symbol file
Symbol file data-00000293430A8010 doesn't match image E:\justi\Documents\repos\CPTC-Visualization\Unity Project\CPTC Visualizer\Library\ScriptAssemblies\Unity.2D.IK.Editor.dll
Symbol file LoadedFromMemory is not a mono symbol file
Symbol file data-0000029340F464A0 doesn't match image E:\justi\Documents\repos\CPTC-Visualization\Unity Project\CPTC Visualizer\Library\ScriptAssemblies\Unity.2D.Sprite.Editor.dll
Symbol file LoadedFromMemory is not a mono symbol file
Symbol file data-0000029343810010 doesn't match image E:\justi\Documents\repos\CPTC-Visualization\Unity Project\CPTC Visualizer\Library\ScriptAssemblies\Unity.2D.Psdimporter.Editor.dll
Symbol file LoadedFromMemory is not a mono symbol file
Symbol file data-0000029343810010 doesn't match image E:\justi\Documents\repos\CPTC-Visualization\Unity Project\CPTC Visualizer\Library\ScriptAssemblies\Unity.2D.Path.Editor.dll
Symbol file LoadedFromMemory is not a mono symbol file
Symbol file data-00000294FEF92A00 doesn't match image E:\justi\Documents\repos\CPTC-Visualization\Unity Project\CPTC Visualizer\Library\ScriptAssemblies\Unity.ShaderGraph.Utilities.dll
Symbol file LoadedFromMemory is not a mono symbol file
Symbol file data-00000294FDAE3430 doesn't match image E:\justi\Documents\repos\CPTC-Visualization\Unity Project\CPTC Visualizer\Library\ScriptAssemblies\Unity.RenderPipelines.Core.Runtime.dll
Symbol file LoadedFromMemory is not a mono symbol file
Symbol file data-00000294FD7471E0 doesn't match image E:\justi\Documents\repos\CPTC-Visualization\Unity Project\CPTC Visualizer\Library\ScriptAssemblies\UnityEditor.UI.dll
Symbol file LoadedFromMemory is not a mono symbol file
Symbol file data-000002934323E010 doesn't match image E:\justi\Documents\repos\CPTC-Visualization\Unity Project\CPTC Visualizer\Library\ScriptAssemblies\Unity.InputSystem.dll
Symbol file LoadedFromMemory is not a mono symbol file
Symbol file data-0000029342CCE010 doesn't match image E:\justi\Documents\repos\CPTC-Visualization\Unity Project\CPTC Visualizer\Library\ScriptAssemblies\Unity.Rider.Editor.dll
Symbol file LoadedFromMemory is not a mono symbol file
Symbol file data-00000294FD55EC50 doesn't match image E:\justi\Documents\repos\CPTC-Visualization\Unity Project\CPTC Visualizer\Library\ScriptAssemblies\Unity.RenderPipelines.Core.ShaderLibrary.dll
Symbol file LoadedFromMemory is not a mono symbol file
Symbol file data-00000294FF8A0010 doesn't match image E:\justi\Documents\repos\CPTC-Visualization\Unity Project\CPTC Visualizer\Library\ScriptAssemblies\UnityEngine.UI.dll
Symbol file LoadedFromMemory is not a mono symbol file
Symbol file data-000002934411EB70 doesn't match image E:\justi\Documents\repos\CPTC-Visualization\Unity Project\CPTC Visualizer\Library\ScriptAssemblies\Unity.InternalAPIEditorBridge.001.dll
Symbol file LoadedFromMemory is not a mono symbol file
Symbol file data-0000029340784010 doesn't match image E:\justi\Documents\repos\CPTC-Visualization\Unity Project\CPTC Visualizer\Library\ScriptAssemblies\Unity.Mathematics.dll
Symbol file LoadedFromMemory is not a mono symbol file
Symbol file data-00000293430A8010 doesn't match image E:\justi\Documents\repos\CPTC-Visualization\Unity Project\CPTC Visualizer\Library\ScriptAssemblies\Unity.2D.IK.Runtime.dll
Symbol file LoadedFromMemory is not a mono symbol file
Symbol file data-0000029340784010 doesn't match image E:\justi\Documents\repos\CPTC-Visualization\Unity Project\CPTC Visualizer\Library\ScriptAssemblies\Unity.ShaderGraph.Editor.dll
Symbol file LoadedFromMemory is not a mono symbol file
Symbol file data-00000294FFE72020 doesn't match image E:\justi\Documents\repos\CPTC-Visualization\Unity Project\CPTC Visualizer\Library\ScriptAssemblies\Unity.2D.Animation.Triangle.Runtime.dll
Symbol file LoadedFromMemory is not a mono symbol file
Symbol file data-00000294FD48E010 doesn't match image E:\justi\Documents\repos\CPTC-Visualization\Unity Project\CPTC Visualizer\Library\ScriptAssemblies\Unity.2D.Animation.Runtime.dll
Symbol file LoadedFromMemory is not a mono symbol file
Symbol file data-00000293414CB430 doesn't match image E:\justi\Documents\repos\CPTC-Visualization\Unity Project\CPTC Visualizer\Library\ScriptAssemblies\Unity.2D.PixelPerfect.Editor.dll
Symbol file LoadedFromMemory is not a mono symbol file
Symbol file data-00000294FD55DE50 doesn't match image E:\justi\Documents\repos\CPTC-Visualization\Unity Project\CPTC Visualizer\Library\ScriptAssemblies\Unity.RenderPipelines.ShaderGraph.ShaderGraphLibrary.dll
Symbol file LoadedFromMemory is not a mono symbol file
Symbol file data-00000293435A2020 doesn't match image E:\justi\Documents\repos\CPTC-Visualization\Unity Project\CPTC Visualizer\Library\ScriptAssemblies\Unity.Timeline.Editor.dll
Symbol file LoadedFromMemory is not a mono symbol file
Symbol file data-000002934069FE90 doesn't match image E:\justi\Documents\repos\CPTC-Visualization\Unity Project\CPTC Visualizer\Library\ScriptAssemblies\Unity.CollabProxy.Editor.dll
Symbol file LoadedFromMemory is not a mono symbol file
Symbol file data-0000029343861D50 doesn't match image E:\justi\Documents\repos\CPTC-Visualization\Unity Project\CPTC Visualizer\Library\ScriptAssemblies\Unity.Mathematics.Editor.dll
Symbol file LoadedFromMemory is not a mono symbol file
Symbol file data-00000294FDB0D6C0 doesn't match image E:\justi\Documents\repos\CPTC-Visualization\Unity Project\CPTC Visualizer\Library\ScriptAssemblies\Unity.2D.Common.Runtime.dll
Symbol file LoadedFromMemory is not a mono symbol file
Symbol file data-00000294FDAE3430 doesn't match image E:\justi\Documents\repos\CPTC-Visualization\Unity Project\CPTC Visualizer\Library\ScriptAssemblies\Unity.2D.SpriteShape.Editor.dll
Symbol file LoadedFromMemory is not a mono symbol file
Symbol file data-00000294FF08E050 doesn't match image E:\justi\Documents\repos\CPTC-Visualization\Unity Project\CPTC Visualizer\Library\ScriptAssemblies\Unity.2D.Common.Editor.dll
Symbol file LoadedFromMemory is not a mono symbol file
Symbol file data-00000294FFE72020 doesn't match image E:\justi\Documents\repos\CPTC-Visualization\Unity Project\CPTC Visualizer\Library\ScriptAssemblies\Unity.RenderPipelines.Core.Editor.dll
Symbol file LoadedFromMemory is not a mono symbol file
Symbol file data-00000294FF1C18D0 doesn't match image E:\justi\Documents\repos\CPTC-Visualization\Unity Project\CPTC Visualizer\Library\ScriptAssemblies\Unity.2D.SpriteShape.Runtime.dll
Symbol file LoadedFromMemory is not a mono symbol file
Native extension for LinuxStandalone target not found
Native extension for WindowsStandalone target not found
Native extension for OSXStandalone target not found
Native extension for WebGL target not found
Refreshing native plugins compatible for Editor in 0.87 ms, found 1 plugins.
Preloading 0 native plugins for Editor in 0.00 ms.
Invoked RoslynAnalysisRunner static constructor.
RoslynAnalysisRunner will not be running.
RoslynAnalysisRunner has terminated.
Mono: successfully reloaded assembly
- Completed reload, in  3.226 seconds
Platform modules already initialized, skipping
Refreshing native plugins compatible for Editor in 0.92 ms, found 1 plugins.
Preloading 0 native plugins for Editor in 0.00 ms.
Unloading 2883 Unused Serialized files (Serialized files now loaded: 0)
System memory in use before: 119.0 MB.
System memory in use after: 119.1 MB.

Unloading 13 unused Assets to reduce memory usage. Loaded Objects now: 3349.
Total: 20.849800 ms (FindLiveObjects: 1.154400 ms CreateObjectMapping: 5.959700 ms MarkObjects: 13.093600 ms  DeleteObjects: 0.640000 ms)

========================================================================
Received Import Request.
  Time since last request: 339.131798 seconds.
  path: Assets/Data/data.json
  artifactKey: Guid(4556dec43741f404485847131dde4807) Importer(815301076,1909f56bfc062723c751e8b465ee728b)
Start importing Assets/Data/data.json using Guid(4556dec43741f404485847131dde4807) Importer(815301076,1909f56bfc062723c751e8b465ee728b)  -> (artifact id: 'fea21545a0282b3b2e1725c84570c216') in 0.053183 seconds
  Import took 0.068580 seconds .

========================================================================
Received Import Request.
  Time since last request: 42.175850 seconds.
  path: Assets/Data/data.json
  artifactKey: Guid(4556dec43741f404485847131dde4807) Importer(815301076,1909f56bfc062723c751e8b465ee728b)
Start importing Assets/Data/data.json using Guid(4556dec43741f404485847131dde4807) Importer(815301076,1909f56bfc062723c751e8b465ee728b)  -> (artifact id: 'a2942da2f7157137ce923af3f654356b') in 0.093983 seconds
  Import took 0.107558 seconds .

AssetImportWorkerClient::OnTransportError - code=2 error=End of file
