Using pre-set license
Built from '2020.2/staging' branch; Version is '2020.2.3f1 (8ff31bc5bf5b) revision 9433883'; Using compiler version '192528614'; Build Type 'Release'
OS: 'Windows 10 Home; OS build 18363.1379; Version 1909; 64bit' Language: 'en' Physical Memory: 16318 MB
BatchMode: 1, IsHumanControllingUs: 0, StartBugReporterOnCrash: 0, Is64bit: 1, IsPro: 0

 COMMAND LINE ARGUMENTS:
C:\Program Files\Unity\Hub\Editor\2020.2.3f1\Editor\Unity.exe
-adb2
-batchMode
-noUpm
-name
AssetImportWorker0
-projectPath
C:/Users/klapo/Documents/GitHub/CPTC-Visualization/Unity Project/CPTC Visualizer
-logFile
Logs/AssetImportWorker0.log
-srvPort
52016
Successfully changed project path to: C:/Users/klapo/Documents/GitHub/CPTC-Visualization/Unity Project/CPTC Visualizer
C:/Users/klapo/Documents/GitHub/CPTC-Visualization/Unity Project/CPTC Visualizer
Using Asset Import Pipeline V2.
Refreshing native plugins compatible for Editor in 45.48 ms, found 1 plugins.
Preloading 0 native plugins for Editor in 0.00 ms.
Initialize engine version: 2020.2.3f1 (8ff31bc5bf5b)
[Subsystems] Discovering subsystems at path C:/Program Files/Unity/Hub/Editor/2020.2.3f1/Editor/Data/Resources/UnitySubsystems
[Subsystems] Discovering subsystems at path C:/Users/klapo/Documents/GitHub/CPTC-Visualization/Unity Project/CPTC Visualizer/Assets
GfxDevice: creating device client; threaded=0
Direct3D:
    Version:  Direct3D 11.0 [level 11.1]
    Renderer: NVIDIA GeForce RTX 2060 (ID=0x1e89)
    Vendor:   
    VRAM:     5968 MB
    Driver:   27.21.14.5751
Initialize mono
Mono path[0] = 'C:/Program Files/Unity/Hub/Editor/2020.2.3f1/Editor/Data/Managed'
Mono path[1] = 'C:/Program Files/Unity/Hub/Editor/2020.2.3f1/Editor/Data/MonoBleedingEdge/lib/mono/unityjit'
Mono config path = 'C:/Program Files/Unity/Hub/Editor/2020.2.3f1/Editor/Data/MonoBleedingEdge/etc'
Using monoOptions --debugger-agent=transport=dt_socket,embedding=1,server=y,suspend=n,address=127.0.0.1:56520
Begin MonoManager ReloadAssembly
Registering precompiled unity dll's ...
Register platform support module: C:/Program Files/Unity/Hub/Editor/2020.2.3f1/Editor/Data/PlaybackEngines/WebGLSupport/UnityEditor.WebGL.Extensions.dll
Register platform support module: C:/Program Files/Unity/Hub/Editor/2020.2.3f1/Editor/Data/PlaybackEngines/WindowsStandaloneSupport/UnityEditor.WindowsStandalone.Extensions.dll
Registered in 0.002622 seconds.
Native extension for WindowsStandalone target not found
Native extension for WebGL target not found
Refreshing native plugins compatible for Editor in 44.26 ms, found 1 plugins.
Preloading 0 native plugins for Editor in 0.00 ms.
Invoked RoslynAnalysisRunner static constructor.
RoslynAnalysisRunner will not be running.
RoslynAnalysisRunner has terminated.
Mono: successfully reloaded assembly
- Completed reload, in  2.117 seconds
Platform modules already initialized, skipping
Registering precompiled user dll's ...
Registered in 0.001484 seconds.
Begin MonoManager ReloadAssembly
Symbol file data-0000025D75DAF010 doesn't match image C:\Users\klapo\Documents\GitHub\CPTC-Visualization\Unity Project\CPTC Visualizer\Library\ScriptAssemblies\Unity.2D.Animation.Editor.dll
Symbol file LoadedFromMemory is not a mono symbol file
Symbol file data-0000025D7071E070 doesn't match image C:\Users\klapo\Documents\GitHub\CPTC-Visualization\Unity Project\CPTC Visualizer\Library\ScriptAssemblies\Unity.InternalAPIEngineBridge.001.dll
Symbol file LoadedFromMemory is not a mono symbol file
Symbol file data-0000025D70722030 doesn't match image C:\Users\klapo\Documents\GitHub\CPTC-Visualization\Unity Project\CPTC Visualizer\Library\ScriptAssemblies\Unity.VSCode.Editor.dll
Symbol file LoadedFromMemory is not a mono symbol file
Symbol file data-0000025D70AF52E0 doesn't match image C:\Users\klapo\Documents\GitHub\CPTC-Visualization\Unity Project\CPTC Visualizer\Library\ScriptAssemblies\Unity.2D.PixelPerfect.dll
Symbol file LoadedFromMemory is not a mono symbol file
Symbol file data-0000025D75DAF010 doesn't match image C:\Users\klapo\Documents\GitHub\CPTC-Visualization\Unity Project\CPTC Visualizer\Library\ScriptAssemblies\Unity.2D.Tilemap.Editor.dll
Symbol file LoadedFromMemory is not a mono symbol file
Symbol file data-0000025D754B2F60 doesn't match image C:\Users\klapo\Documents\GitHub\CPTC-Visualization\Unity Project\CPTC Visualizer\Library\ScriptAssemblies\PsdPlugin.dll
Symbol file LoadedFromMemory is not a mono symbol file
Symbol file data-0000025D75DC3E20 doesn't match image C:\Users\klapo\Documents\GitHub\CPTC-Visualization\Unity Project\CPTC Visualizer\Library\ScriptAssemblies\Unity.TextMeshPro.Editor.dll
Symbol file LoadedFromMemory is not a mono symbol file
Symbol file data-0000025D75841DB0 doesn't match image C:\Users\klapo\Documents\GitHub\CPTC-Visualization\Unity Project\CPTC Visualizer\Library\ScriptAssemblies\Unity.VisualStudio.Editor.dll
Symbol file LoadedFromMemory is not a mono symbol file
Symbol file data-0000025D754B2F60 doesn't match image C:\Users\klapo\Documents\GitHub\CPTC-Visualization\Unity Project\CPTC Visualizer\Library\ScriptAssemblies\UnityEngine.TestRunner.dll
Symbol file LoadedFromMemory is not a mono symbol file
Symbol file data-0000025D75DD5430 doesn't match image C:\Users\klapo\Documents\GitHub\CPTC-Visualization\Unity Project\CPTC Visualizer\Library\ScriptAssemblies\Unity.Timeline.dll
Symbol file LoadedFromMemory is not a mono symbol file
Symbol file data-0000025D7520C010 doesn't match image C:\Users\klapo\Documents\GitHub\CPTC-Visualization\Unity Project\CPTC Visualizer\Library\ScriptAssemblies\Unity.TextMeshPro.dll
Symbol file LoadedFromMemory is not a mono symbol file
Symbol file data-0000025D75DD5430 doesn't match image C:\Users\klapo\Documents\GitHub\CPTC-Visualization\Unity Project\CPTC Visualizer\Library\ScriptAssemblies\UnityEditor.TestRunner.dll
Symbol file LoadedFromMemory is not a mono symbol file
Symbol file data-0000025D70889E30 doesn't match image C:\Users\klapo\Documents\GitHub\CPTC-Visualization\Unity Project\CPTC Visualizer\Library\ScriptAssemblies\Unity.Searcher.Editor.dll
Symbol file LoadedFromMemory is not a mono symbol file
Symbol file data-0000025D753C2E30 doesn't match image C:\Users\klapo\Documents\GitHub\CPTC-Visualization\Unity Project\CPTC Visualizer\Library\ScriptAssemblies\Unity.2D.IK.Editor.dll
Symbol file LoadedFromMemory is not a mono symbol file
Symbol file data-0000025D75552620 doesn't match image C:\Users\klapo\Documents\GitHub\CPTC-Visualization\Unity Project\CPTC Visualizer\Library\ScriptAssemblies\Unity.2D.Sprite.Editor.dll
Symbol file LoadedFromMemory is not a mono symbol file
Symbol file data-0000025D7523CC20 doesn't match image C:\Users\klapo\Documents\GitHub\CPTC-Visualization\Unity Project\CPTC Visualizer\Library\ScriptAssemblies\Unity.2D.Psdimporter.Editor.dll
Symbol file LoadedFromMemory is not a mono symbol file
Symbol file data-0000025D7523CC20 doesn't match image C:\Users\klapo\Documents\GitHub\CPTC-Visualization\Unity Project\CPTC Visualizer\Library\ScriptAssemblies\Unity.2D.Path.Editor.dll
Symbol file LoadedFromMemory is not a mono symbol file
Symbol file data-0000025D706DC090 doesn't match image C:\Users\klapo\Documents\GitHub\CPTC-Visualization\Unity Project\CPTC Visualizer\Library\ScriptAssemblies\Unity.ShaderGraph.Utilities.dll
Symbol file LoadedFromMemory is not a mono symbol file
Symbol file data-0000025D7557C010 doesn't match image C:\Users\klapo\Documents\GitHub\CPTC-Visualization\Unity Project\CPTC Visualizer\Library\ScriptAssemblies\Unity.RenderPipelines.Core.Runtime.dll
Symbol file LoadedFromMemory is not a mono symbol file
Symbol file data-0000025D7523CC20 doesn't match image C:\Users\klapo\Documents\GitHub\CPTC-Visualization\Unity Project\CPTC Visualizer\Library\ScriptAssemblies\UnityEditor.UI.dll
Symbol file LoadedFromMemory is not a mono symbol file
Symbol file data-0000025D7571A010 doesn't match image C:\Users\klapo\Documents\GitHub\CPTC-Visualization\Unity Project\CPTC Visualizer\Library\ScriptAssemblies\Unity.InputSystem.dll
Symbol file LoadedFromMemory is not a mono symbol file
Symbol file data-0000025D75841DB0 doesn't match image C:\Users\klapo\Documents\GitHub\CPTC-Visualization\Unity Project\CPTC Visualizer\Library\ScriptAssemblies\Unity.Rider.Editor.dll
Symbol file LoadedFromMemory is not a mono symbol file
Symbol file data-0000025D7579AD10 doesn't match image C:\Users\klapo\Documents\GitHub\CPTC-Visualization\Unity Project\CPTC Visualizer\Library\ScriptAssemblies\Unity.RenderPipelines.Core.ShaderLibrary.dll
Symbol file LoadedFromMemory is not a mono symbol file
Symbol file data-0000025D75264010 doesn't match image C:\Users\klapo\Documents\GitHub\CPTC-Visualization\Unity Project\CPTC Visualizer\Library\ScriptAssemblies\UnityEngine.UI.dll
Symbol file LoadedFromMemory is not a mono symbol file
Symbol file data-0000025D75913010 doesn't match image C:\Users\klapo\Documents\GitHub\CPTC-Visualization\Unity Project\CPTC Visualizer\Library\ScriptAssemblies\Unity.InternalAPIEditorBridge.001.dll
Symbol file LoadedFromMemory is not a mono symbol file
Symbol file data-0000025D7571A010 doesn't match image C:\Users\klapo\Documents\GitHub\CPTC-Visualization\Unity Project\CPTC Visualizer\Library\ScriptAssemblies\Unity.Mathematics.dll
Symbol file LoadedFromMemory is not a mono symbol file
Symbol file data-0000025D753C2E30 doesn't match image C:\Users\klapo\Documents\GitHub\CPTC-Visualization\Unity Project\CPTC Visualizer\Library\ScriptAssemblies\Unity.2D.IK.Runtime.dll
Symbol file LoadedFromMemory is not a mono symbol file
Symbol file data-0000025D7571A010 doesn't match image C:\Users\klapo\Documents\GitHub\CPTC-Visualization\Unity Project\CPTC Visualizer\Library\ScriptAssemblies\Unity.ShaderGraph.Editor.dll
Symbol file LoadedFromMemory is not a mono symbol file
Symbol file data-0000025D70994440 doesn't match image C:\Users\klapo\Documents\GitHub\CPTC-Visualization\Unity Project\CPTC Visualizer\Library\ScriptAssemblies\Unity.2D.Animation.Triangle.Runtime.dll
Symbol file LoadedFromMemory is not a mono symbol file
Symbol file data-0000025D756C1A30 doesn't match image C:\Users\klapo\Documents\GitHub\CPTC-Visualization\Unity Project\CPTC Visualizer\Library\ScriptAssemblies\Unity.2D.Animation.Runtime.dll
Symbol file LoadedFromMemory is not a mono symbol file
Symbol file data-0000025D707BDA90 doesn't match image C:\Users\klapo\Documents\GitHub\CPTC-Visualization\Unity Project\CPTC Visualizer\Library\ScriptAssemblies\Unity.2D.PixelPerfect.Editor.dll
Symbol file LoadedFromMemory is not a mono symbol file
Symbol file data-0000025D75797140 doesn't match image C:\Users\klapo\Documents\GitHub\CPTC-Visualization\Unity Project\CPTC Visualizer\Library\ScriptAssemblies\Unity.RenderPipelines.ShaderGraph.ShaderGraphLibrary.dll
Symbol file LoadedFromMemory is not a mono symbol file
Symbol file data-0000025D708D9010 doesn't match image C:\Users\klapo\Documents\GitHub\CPTC-Visualization\Unity Project\CPTC Visualizer\Library\ScriptAssemblies\Unity.Timeline.Editor.dll
Symbol file LoadedFromMemory is not a mono symbol file
Symbol file data-0000025D70BA6BD0 doesn't match image C:\Users\klapo\Documents\GitHub\CPTC-Visualization\Unity Project\CPTC Visualizer\Library\ScriptAssemblies\Unity.CollabProxy.Editor.dll
Symbol file LoadedFromMemory is not a mono symbol file
Symbol file data-0000025D7524CC30 doesn't match image C:\Users\klapo\Documents\GitHub\CPTC-Visualization\Unity Project\CPTC Visualizer\Library\ScriptAssemblies\Unity.Mathematics.Editor.dll
Symbol file LoadedFromMemory is not a mono symbol file
Symbol file data-0000025D70E43DD0 doesn't match image C:\Users\klapo\Documents\GitHub\CPTC-Visualization\Unity Project\CPTC Visualizer\Library\ScriptAssemblies\Unity.2D.Common.Runtime.dll
Symbol file LoadedFromMemory is not a mono symbol file
Symbol file data-0000025D70BA6BD0 doesn't match image C:\Users\klapo\Documents\GitHub\CPTC-Visualization\Unity Project\CPTC Visualizer\Library\ScriptAssemblies\Unity.2D.SpriteShape.Editor.dll
Symbol file LoadedFromMemory is not a mono symbol file
Symbol file data-0000025D7579DA50 doesn't match image C:\Users\klapo\Documents\GitHub\CPTC-Visualization\Unity Project\CPTC Visualizer\Library\ScriptAssemblies\Unity.2D.Common.Editor.dll
Symbol file LoadedFromMemory is not a mono symbol file
Symbol file data-0000025D755D2020 doesn't match image C:\Users\klapo\Documents\GitHub\CPTC-Visualization\Unity Project\CPTC Visualizer\Library\ScriptAssemblies\Unity.RenderPipelines.Core.Editor.dll
Symbol file LoadedFromMemory is not a mono symbol file
Symbol file data-0000025D709BBA50 doesn't match image C:\Users\klapo\Documents\GitHub\CPTC-Visualization\Unity Project\CPTC Visualizer\Library\ScriptAssemblies\Unity.2D.SpriteShape.Runtime.dll
Symbol file LoadedFromMemory is not a mono symbol file
Native extension for WindowsStandalone target not found
Native extension for WebGL target not found
Refreshing native plugins compatible for Editor in 48.68 ms, found 1 plugins.
Preloading 0 native plugins for Editor in 0.00 ms.
Invoked RoslynAnalysisRunner static constructor.
RoslynAnalysisRunner will not be running.
RoslynAnalysisRunner has terminated.
Mono: successfully reloaded assembly
- Completed reload, in  1.048 seconds
Platform modules already initialized, skipping
========================================================================
Worker process is ready to serve import requests
Launched and connected shader compiler UnityShaderCompiler.exe after 0.04 seconds
Refreshing native plugins compatible for Editor in 0.53 ms, found 1 plugins.
Preloading 0 native plugins for Editor in 0.00 ms.
Unloading 2900 Unused Serialized files (Serialized files now loaded: 0)
System memory in use before: 119.6 MB.
System memory in use after: 119.7 MB.

Unloading 27 unused Assets to reduce memory usage. Loaded Objects now: 3348.
Total: 2.109200 ms (FindLiveObjects: 0.211300 ms CreateObjectMapping: 0.108000 ms MarkObjects: 1.687500 ms  DeleteObjects: 0.101300 ms)

========================================================================
Received Import Request.
  path: Assets/Scripts/VideoManager.cs
  artifactKey: Guid(845185b39946ad24f9771b10d1d8226d) Importer(815301076,1909f56bfc062723c751e8b465ee728b)
Start importing Assets/Scripts/VideoManager.cs using Guid(845185b39946ad24f9771b10d1d8226d) Importer(815301076,1909f56bfc062723c751e8b465ee728b)  -> (artifact id: '30b9398e7e92e06debffcf83ca104ee4') in 0.039100 seconds
  Import took 0.085749 seconds .

========================================================================
Received Import Request.
  Time since last request: 1554.019611 seconds.
  path: Assets/Scripts/VideoManager.cs
  artifactKey: Guid(845185b39946ad24f9771b10d1d8226d) Importer(815301076,1909f56bfc062723c751e8b465ee728b)
Start importing Assets/Scripts/VideoManager.cs using Guid(845185b39946ad24f9771b10d1d8226d) Importer(815301076,1909f56bfc062723c751e8b465ee728b)  -> (artifact id: '73d8b8a4c77484ef1e1bf7fd969b72a3') in 0.004160 seconds
  Import took 0.015397 seconds .

========================================================================
Received Prepare
Registering precompiled user dll's ...
Registered in 0.001443 seconds.
Begin MonoManager ReloadAssembly
Symbol file data-0000025D7562E020 doesn't match image C:\Users\klapo\Documents\GitHub\CPTC-Visualization\Unity Project\CPTC Visualizer\Library\ScriptAssemblies\Unity.2D.Animation.Editor.dll
Symbol file LoadedFromMemory is not a mono symbol file
Symbol file data-0000025D78D9F260 doesn't match image C:\Users\klapo\Documents\GitHub\CPTC-Visualization\Unity Project\CPTC Visualizer\Library\ScriptAssemblies\Unity.InternalAPIEngineBridge.001.dll
Symbol file LoadedFromMemory is not a mono symbol file
Symbol file data-0000025D70E389A0 doesn't match image C:\Users\klapo\Documents\GitHub\CPTC-Visualization\Unity Project\CPTC Visualizer\Library\ScriptAssemblies\Unity.VSCode.Editor.dll
Symbol file LoadedFromMemory is not a mono symbol file
Symbol file data-0000025D781EA260 doesn't match image C:\Users\klapo\Documents\GitHub\CPTC-Visualization\Unity Project\CPTC Visualizer\Library\ScriptAssemblies\Unity.2D.PixelPerfect.dll
Symbol file LoadedFromMemory is not a mono symbol file
Symbol file data-0000025D70C711B0 doesn't match image C:\Users\klapo\Documents\GitHub\CPTC-Visualization\Unity Project\CPTC Visualizer\Library\ScriptAssemblies\Unity.2D.Tilemap.Editor.dll
Symbol file LoadedFromMemory is not a mono symbol file
Symbol file data-0000025D751574B0 doesn't match image C:\Users\klapo\Documents\GitHub\CPTC-Visualization\Unity Project\CPTC Visualizer\Library\ScriptAssemblies\PsdPlugin.dll
Symbol file LoadedFromMemory is not a mono symbol file
Symbol file data-0000025D764C2020 doesn't match image C:\Users\klapo\Documents\GitHub\CPTC-Visualization\Unity Project\CPTC Visualizer\Library\ScriptAssemblies\Unity.TextMeshPro.Editor.dll
Symbol file LoadedFromMemory is not a mono symbol file
Symbol file data-0000025D7513D070 doesn't match image C:\Users\klapo\Documents\GitHub\CPTC-Visualization\Unity Project\CPTC Visualizer\Library\ScriptAssemblies\Unity.VisualStudio.Editor.dll
Symbol file LoadedFromMemory is not a mono symbol file
Symbol file data-0000025D754B2F60 doesn't match image C:\Users\klapo\Documents\GitHub\CPTC-Visualization\Unity Project\CPTC Visualizer\Library\ScriptAssemblies\UnityEngine.TestRunner.dll
Symbol file LoadedFromMemory is not a mono symbol file
Symbol file data-0000025D70C50430 doesn't match image C:\Users\klapo\Documents\GitHub\CPTC-Visualization\Unity Project\CPTC Visualizer\Library\ScriptAssemblies\Unity.Timeline.dll
Symbol file LoadedFromMemory is not a mono symbol file
Symbol file data-0000025D7557C010 doesn't match image C:\Users\klapo\Documents\GitHub\CPTC-Visualization\Unity Project\CPTC Visualizer\Library\ScriptAssemblies\Unity.TextMeshPro.dll
Symbol file LoadedFromMemory is not a mono symbol file
Symbol file data-0000025D764C2020 doesn't match image C:\Users\klapo\Documents\GitHub\CPTC-Visualization\Unity Project\CPTC Visualizer\Library\ScriptAssemblies\UnityEditor.TestRunner.dll
Symbol file LoadedFromMemory is not a mono symbol file
Symbol file data-0000025D75841DB0 doesn't match image C:\Users\klapo\Documents\GitHub\CPTC-Visualization\Unity Project\CPTC Visualizer\Library\ScriptAssemblies\Unity.Searcher.Editor.dll
Symbol file LoadedFromMemory is not a mono symbol file
Symbol file data-0000025D70E389A0 doesn't match image C:\Users\klapo\Documents\GitHub\CPTC-Visualization\Unity Project\CPTC Visualizer\Library\ScriptAssemblies\Unity.2D.IK.Editor.dll
Symbol file LoadedFromMemory is not a mono symbol file
Symbol file data-0000025D70C50430 doesn't match image C:\Users\klapo\Documents\GitHub\CPTC-Visualization\Unity Project\CPTC Visualizer\Library\ScriptAssemblies\Unity.2D.Sprite.Editor.dll
Symbol file LoadedFromMemory is not a mono symbol file
Symbol file data-0000025D7061A620 doesn't match image C:\Users\klapo\Documents\GitHub\CPTC-Visualization\Unity Project\CPTC Visualizer\Library\ScriptAssemblies\Unity.2D.Psdimporter.Editor.dll
Symbol file LoadedFromMemory is not a mono symbol file
Symbol file data-0000025D7061A620 doesn't match image C:\Users\klapo\Documents\GitHub\CPTC-Visualization\Unity Project\CPTC Visualizer\Library\ScriptAssemblies\Unity.2D.Path.Editor.dll
Symbol file LoadedFromMemory is not a mono symbol file
Symbol file data-0000025D780EFEE0 doesn't match image C:\Users\klapo\Documents\GitHub\CPTC-Visualization\Unity Project\CPTC Visualizer\Library\ScriptAssemblies\Unity.ShaderGraph.Utilities.dll
Symbol file LoadedFromMemory is not a mono symbol file
Symbol file data-0000025D7091B020 doesn't match image C:\Users\klapo\Documents\GitHub\CPTC-Visualization\Unity Project\CPTC Visualizer\Library\ScriptAssemblies\Unity.RenderPipelines.Core.Runtime.dll
Symbol file LoadedFromMemory is not a mono symbol file
Symbol file data-0000025D78155120 doesn't match image C:\Users\klapo\Documents\GitHub\CPTC-Visualization\Unity Project\CPTC Visualizer\Library\ScriptAssemblies\UnityEditor.UI.dll
Symbol file LoadedFromMemory is not a mono symbol file
Symbol file data-0000025D782AD360 doesn't match image C:\Users\klapo\Documents\GitHub\CPTC-Visualization\Unity Project\CPTC Visualizer\Library\ScriptAssemblies\Unity.InputSystem.dll
Symbol file LoadedFromMemory is not a mono symbol file
Symbol file data-0000025D78155120 doesn't match image C:\Users\klapo\Documents\GitHub\CPTC-Visualization\Unity Project\CPTC Visualizer\Library\ScriptAssemblies\Unity.Rider.Editor.dll
Symbol file LoadedFromMemory is not a mono symbol file
Symbol file data-0000025D754A53A0 doesn't match image C:\Users\klapo\Documents\GitHub\CPTC-Visualization\Unity Project\CPTC Visualizer\Library\ScriptAssemblies\Unity.RenderPipelines.Core.ShaderLibrary.dll
Symbol file LoadedFromMemory is not a mono symbol file
Symbol file data-0000025D75384010 doesn't match image C:\Users\klapo\Documents\GitHub\CPTC-Visualization\Unity Project\CPTC Visualizer\Library\ScriptAssemblies\UnityEngine.UI.dll
Symbol file LoadedFromMemory is not a mono symbol file
Symbol file data-0000025D70896420 doesn't match image C:\Users\klapo\Documents\GitHub\CPTC-Visualization\Unity Project\CPTC Visualizer\Library\ScriptAssemblies\Unity.InternalAPIEditorBridge.001.dll
Symbol file LoadedFromMemory is not a mono symbol file
Symbol file data-0000025D782AD360 doesn't match image C:\Users\klapo\Documents\GitHub\CPTC-Visualization\Unity Project\CPTC Visualizer\Library\ScriptAssemblies\Unity.Mathematics.dll
Symbol file LoadedFromMemory is not a mono symbol file
Symbol file data-0000025D70E389A0 doesn't match image C:\Users\klapo\Documents\GitHub\CPTC-Visualization\Unity Project\CPTC Visualizer\Library\ScriptAssemblies\Unity.2D.IK.Runtime.dll
Symbol file LoadedFromMemory is not a mono symbol file
Symbol file data-0000025D77CE2030 doesn't match image C:\Users\klapo\Documents\GitHub\CPTC-Visualization\Unity Project\CPTC Visualizer\Library\ScriptAssemblies\Unity.ShaderGraph.Editor.dll
Symbol file LoadedFromMemory is not a mono symbol file
Symbol file data-0000025D78764030 doesn't match image C:\Users\klapo\Documents\GitHub\CPTC-Visualization\Unity Project\CPTC Visualizer\Library\ScriptAssemblies\Unity.2D.Animation.Triangle.Runtime.dll
Symbol file LoadedFromMemory is not a mono symbol file
Symbol file data-0000025D78159130 doesn't match image C:\Users\klapo\Documents\GitHub\CPTC-Visualization\Unity Project\CPTC Visualizer\Library\ScriptAssemblies\Unity.2D.Animation.Runtime.dll
Symbol file LoadedFromMemory is not a mono symbol file
Symbol file data-0000025D70366B00 doesn't match image C:\Users\klapo\Documents\GitHub\CPTC-Visualization\Unity Project\CPTC Visualizer\Library\ScriptAssemblies\Unity.2D.PixelPerfect.Editor.dll
Symbol file LoadedFromMemory is not a mono symbol file
Symbol file data-0000025D70C6C9A0 doesn't match image C:\Users\klapo\Documents\GitHub\CPTC-Visualization\Unity Project\CPTC Visualizer\Library\ScriptAssemblies\Unity.RenderPipelines.ShaderGraph.ShaderGraphLibrary.dll
Symbol file LoadedFromMemory is not a mono symbol file
Symbol file data-0000025D70F27DE0 doesn't match image C:\Users\klapo\Documents\GitHub\CPTC-Visualization\Unity Project\CPTC Visualizer\Library\ScriptAssemblies\Unity.Timeline.Editor.dll
Symbol file LoadedFromMemory is not a mono symbol file
Symbol file data-0000025D754B2F60 doesn't match image C:\Users\klapo\Documents\GitHub\CPTC-Visualization\Unity Project\CPTC Visualizer\Library\ScriptAssemblies\Unity.CollabProxy.Editor.dll
Symbol file LoadedFromMemory is not a mono symbol file
Symbol file data-0000025D766D5B30 doesn't match image C:\Users\klapo\Documents\GitHub\CPTC-Visualization\Unity Project\CPTC Visualizer\Library\ScriptAssemblies\Unity.Mathematics.Editor.dll
Symbol file LoadedFromMemory is not a mono symbol file
Symbol file data-0000025D710FE260 doesn't match image C:\Users\klapo\Documents\GitHub\CPTC-Visualization\Unity Project\CPTC Visualizer\Library\ScriptAssemblies\Unity.2D.Common.Runtime.dll
Symbol file LoadedFromMemory is not a mono symbol file
Symbol file data-0000025D78291010 doesn't match image C:\Users\klapo\Documents\GitHub\CPTC-Visualization\Unity Project\CPTC Visualizer\Library\ScriptAssemblies\Unity.2D.SpriteShape.Editor.dll
Symbol file LoadedFromMemory is not a mono symbol file
Symbol file data-0000025D7515F0C0 doesn't match image C:\Users\klapo\Documents\GitHub\CPTC-Visualization\Unity Project\CPTC Visualizer\Library\ScriptAssemblies\Unity.2D.Common.Editor.dll
Symbol file LoadedFromMemory is not a mono symbol file
Symbol file data-0000025D78764030 doesn't match image C:\Users\klapo\Documents\GitHub\CPTC-Visualization\Unity Project\CPTC Visualizer\Library\ScriptAssemblies\Unity.RenderPipelines.Core.Editor.dll
Symbol file LoadedFromMemory is not a mono symbol file
Symbol file data-0000025D76A7F010 doesn't match image C:\Users\klapo\Documents\GitHub\CPTC-Visualization\Unity Project\CPTC Visualizer\Library\ScriptAssemblies\Unity.2D.SpriteShape.Runtime.dll
Symbol file LoadedFromMemory is not a mono symbol file
Native extension for WindowsStandalone target not found
Native extension for WebGL target not found
Refreshing native plugins compatible for Editor in 0.41 ms, found 1 plugins.
Preloading 0 native plugins for Editor in 0.00 ms.
Invoked RoslynAnalysisRunner static constructor.
RoslynAnalysisRunner will not be running.
RoslynAnalysisRunner has terminated.
Mono: successfully reloaded assembly
- Completed reload, in  0.946 seconds
Platform modules already initialized, skipping
Refreshing native plugins compatible for Editor in 0.42 ms, found 1 plugins.
Preloading 0 native plugins for Editor in 0.00 ms.
Unloading 2889 Unused Serialized files (Serialized files now loaded: 0)
System memory in use before: 119.3 MB.
System memory in use after: 119.4 MB.

Unloading 13 unused Assets to reduce memory usage. Loaded Objects now: 3351.
Total: 2.370300 ms (FindLiveObjects: 0.307900 ms CreateObjectMapping: 0.143800 ms MarkObjects: 1.816000 ms  DeleteObjects: 0.101200 ms)

========================================================================
Received Prepare
Registering precompiled user dll's ...
Registered in 0.001299 seconds.
Begin MonoManager ReloadAssembly
Symbol file data-0000025D7880C020 doesn't match image C:\Users\klapo\Documents\GitHub\CPTC-Visualization\Unity Project\CPTC Visualizer\Library\ScriptAssemblies\Unity.2D.Animation.Editor.dll
Symbol file LoadedFromMemory is not a mono symbol file
Symbol file data-0000025D794633D0 doesn't match image C:\Users\klapo\Documents\GitHub\CPTC-Visualization\Unity Project\CPTC Visualizer\Library\ScriptAssemblies\Unity.InternalAPIEngineBridge.001.dll
Symbol file LoadedFromMemory is not a mono symbol file
Symbol file data-0000025D70643F70 doesn't match image C:\Users\klapo\Documents\GitHub\CPTC-Visualization\Unity Project\CPTC Visualizer\Library\ScriptAssemblies\Unity.VSCode.Editor.dll
Symbol file LoadedFromMemory is not a mono symbol file
Symbol file data-0000025D78D89C00 doesn't match image C:\Users\klapo\Documents\GitHub\CPTC-Visualization\Unity Project\CPTC Visualizer\Library\ScriptAssemblies\Unity.2D.PixelPerfect.dll
Symbol file LoadedFromMemory is not a mono symbol file
Symbol file data-0000025D76CBE030 doesn't match image C:\Users\klapo\Documents\GitHub\CPTC-Visualization\Unity Project\CPTC Visualizer\Library\ScriptAssemblies\Unity.2D.Tilemap.Editor.dll
Symbol file LoadedFromMemory is not a mono symbol file
Symbol file data-0000025D706F9010 doesn't match image C:\Users\klapo\Documents\GitHub\CPTC-Visualization\Unity Project\CPTC Visualizer\Library\ScriptAssemblies\PsdPlugin.dll
Symbol file LoadedFromMemory is not a mono symbol file
Symbol file data-0000025D7813F710 doesn't match image C:\Users\klapo\Documents\GitHub\CPTC-Visualization\Unity Project\CPTC Visualizer\Library\ScriptAssemblies\Unity.TextMeshPro.Editor.dll
Symbol file LoadedFromMemory is not a mono symbol file
Symbol file data-0000025D78D9FDB0 doesn't match image C:\Users\klapo\Documents\GitHub\CPTC-Visualization\Unity Project\CPTC Visualizer\Library\ScriptAssemblies\Unity.VisualStudio.Editor.dll
Symbol file LoadedFromMemory is not a mono symbol file
Symbol file data-0000025D78B36060 doesn't match image C:\Users\klapo\Documents\GitHub\CPTC-Visualization\Unity Project\CPTC Visualizer\Library\ScriptAssemblies\UnityEngine.TestRunner.dll
Symbol file LoadedFromMemory is not a mono symbol file
Symbol file data-0000025D70CCB040 doesn't match image C:\Users\klapo\Documents\GitHub\CPTC-Visualization\Unity Project\CPTC Visualizer\Library\ScriptAssemblies\Unity.Timeline.dll
Symbol file LoadedFromMemory is not a mono symbol file
Symbol file data-0000025D76783020 doesn't match image C:\Users\klapo\Documents\GitHub\CPTC-Visualization\Unity Project\CPTC Visualizer\Library\ScriptAssemblies\Unity.TextMeshPro.dll
Symbol file LoadedFromMemory is not a mono symbol file
Symbol file data-0000025D7813F710 doesn't match image C:\Users\klapo\Documents\GitHub\CPTC-Visualization\Unity Project\CPTC Visualizer\Library\ScriptAssemblies\UnityEditor.TestRunner.dll
Symbol file LoadedFromMemory is not a mono symbol file
Symbol file data-0000025D78D7A140 doesn't match image C:\Users\klapo\Documents\GitHub\CPTC-Visualization\Unity Project\CPTC Visualizer\Library\ScriptAssemblies\Unity.Searcher.Editor.dll
Symbol file LoadedFromMemory is not a mono symbol file
Symbol file data-0000025D7073BC00 doesn't match image C:\Users\klapo\Documents\GitHub\CPTC-Visualization\Unity Project\CPTC Visualizer\Library\ScriptAssemblies\Unity.2D.IK.Editor.dll
Symbol file LoadedFromMemory is not a mono symbol file
Symbol file data-0000025D70C50430 doesn't match image C:\Users\klapo\Documents\GitHub\CPTC-Visualization\Unity Project\CPTC Visualizer\Library\ScriptAssemblies\Unity.2D.Sprite.Editor.dll
Symbol file LoadedFromMemory is not a mono symbol file
Symbol file data-0000025D75A15080 doesn't match image C:\Users\klapo\Documents\GitHub\CPTC-Visualization\Unity Project\CPTC Visualizer\Library\ScriptAssemblies\Unity.2D.Psdimporter.Editor.dll
Symbol file LoadedFromMemory is not a mono symbol file
Symbol file data-0000025D706F9010 doesn't match image C:\Users\klapo\Documents\GitHub\CPTC-Visualization\Unity Project\CPTC Visualizer\Library\ScriptAssemblies\Unity.2D.Path.Editor.dll
Symbol file LoadedFromMemory is not a mono symbol file
Symbol file data-0000025D70BB26E0 doesn't match image C:\Users\klapo\Documents\GitHub\CPTC-Visualization\Unity Project\CPTC Visualizer\Library\ScriptAssemblies\Unity.ShaderGraph.Utilities.dll
Symbol file LoadedFromMemory is not a mono symbol file
Symbol file data-0000025D7673F030 doesn't match image C:\Users\klapo\Documents\GitHub\CPTC-Visualization\Unity Project\CPTC Visualizer\Library\ScriptAssemblies\Unity.RenderPipelines.Core.Runtime.dll
Symbol file LoadedFromMemory is not a mono symbol file
Symbol file data-0000025D75A15080 doesn't match image C:\Users\klapo\Documents\GitHub\CPTC-Visualization\Unity Project\CPTC Visualizer\Library\ScriptAssemblies\UnityEditor.UI.dll
Symbol file LoadedFromMemory is not a mono symbol file
Symbol file data-0000025D782AD360 doesn't match image C:\Users\klapo\Documents\GitHub\CPTC-Visualization\Unity Project\CPTC Visualizer\Library\ScriptAssemblies\Unity.InputSystem.dll
Symbol file LoadedFromMemory is not a mono symbol file
Symbol file data-0000025D75A15080 doesn't match image C:\Users\klapo\Documents\GitHub\CPTC-Visualization\Unity Project\CPTC Visualizer\Library\ScriptAssemblies\Unity.Rider.Editor.dll
Symbol file LoadedFromMemory is not a mono symbol file
Symbol file data-0000025D70884BD0 doesn't match image C:\Users\klapo\Documents\GitHub\CPTC-Visualization\Unity Project\CPTC Visualizer\Library\ScriptAssemblies\Unity.RenderPipelines.Core.ShaderLibrary.dll
Symbol file LoadedFromMemory is not a mono symbol file
Symbol file data-0000025D78B52310 doesn't match image C:\Users\klapo\Documents\GitHub\CPTC-Visualization\Unity Project\CPTC Visualizer\Library\ScriptAssemblies\UnityEngine.UI.dll
Symbol file LoadedFromMemory is not a mono symbol file
Symbol file data-0000025D70C69AB0 doesn't match image C:\Users\klapo\Documents\GitHub\CPTC-Visualization\Unity Project\CPTC Visualizer\Library\ScriptAssemblies\Unity.InternalAPIEditorBridge.001.dll
Symbol file LoadedFromMemory is not a mono symbol file
Symbol file data-0000025D76DF3E50 doesn't match image C:\Users\klapo\Documents\GitHub\CPTC-Visualization\Unity Project\CPTC Visualizer\Library\ScriptAssemblies\Unity.Mathematics.dll
Symbol file LoadedFromMemory is not a mono symbol file
Symbol file data-0000025D77AB82E0 doesn't match image C:\Users\klapo\Documents\GitHub\CPTC-Visualization\Unity Project\CPTC Visualizer\Library\ScriptAssemblies\Unity.2D.IK.Runtime.dll
Symbol file LoadedFromMemory is not a mono symbol file
Symbol file data-0000025D76DF3E50 doesn't match image C:\Users\klapo\Documents\GitHub\CPTC-Visualization\Unity Project\CPTC Visualizer\Library\ScriptAssemblies\Unity.ShaderGraph.Editor.dll
Symbol file LoadedFromMemory is not a mono symbol file
Symbol file data-0000025D78B52310 doesn't match image C:\Users\klapo\Documents\GitHub\CPTC-Visualization\Unity Project\CPTC Visualizer\Library\ScriptAssemblies\Unity.2D.Animation.Triangle.Runtime.dll
Symbol file LoadedFromMemory is not a mono symbol file
Symbol file data-0000025D70661D40 doesn't match image C:\Users\klapo\Documents\GitHub\CPTC-Visualization\Unity Project\CPTC Visualizer\Library\ScriptAssemblies\Unity.2D.Animation.Runtime.dll
Symbol file LoadedFromMemory is not a mono symbol file
Symbol file data-0000025D75EBF030 doesn't match image C:\Users\klapo\Documents\GitHub\CPTC-Visualization\Unity Project\CPTC Visualizer\Library\ScriptAssemblies\Unity.2D.PixelPerfect.Editor.dll
Symbol file LoadedFromMemory is not a mono symbol file
Symbol file data-0000025D70882EF0 doesn't match image C:\Users\klapo\Documents\GitHub\CPTC-Visualization\Unity Project\CPTC Visualizer\Library\ScriptAssemblies\Unity.RenderPipelines.ShaderGraph.ShaderGraphLibrary.dll
Symbol file LoadedFromMemory is not a mono symbol file
Symbol file data-0000025D70F27DE0 doesn't match image C:\Users\klapo\Documents\GitHub\CPTC-Visualization\Unity Project\CPTC Visualizer\Library\ScriptAssemblies\Unity.Timeline.Editor.dll
Symbol file LoadedFromMemory is not a mono symbol file
Symbol file data-0000025D7856D040 doesn't match image C:\Users\klapo\Documents\GitHub\CPTC-Visualization\Unity Project\CPTC Visualizer\Library\ScriptAssemblies\Unity.CollabProxy.Editor.dll
Symbol file LoadedFromMemory is not a mono symbol file
Symbol file data-0000025D78B7CD60 doesn't match image C:\Users\klapo\Documents\GitHub\CPTC-Visualization\Unity Project\CPTC Visualizer\Library\ScriptAssemblies\Unity.Mathematics.Editor.dll
Symbol file LoadedFromMemory is not a mono symbol file
Symbol file data-0000025D7650A470 doesn't match image C:\Users\klapo\Documents\GitHub\CPTC-Visualization\Unity Project\CPTC Visualizer\Library\ScriptAssemblies\Unity.2D.Common.Runtime.dll
Symbol file LoadedFromMemory is not a mono symbol file
Symbol file data-0000025D706F9010 doesn't match image C:\Users\klapo\Documents\GitHub\CPTC-Visualization\Unity Project\CPTC Visualizer\Library\ScriptAssemblies\Unity.2D.SpriteShape.Editor.dll
Symbol file LoadedFromMemory is not a mono symbol file
Symbol file data-0000025D7073BC00 doesn't match image C:\Users\klapo\Documents\GitHub\CPTC-Visualization\Unity Project\CPTC Visualizer\Library\ScriptAssemblies\Unity.2D.Common.Editor.dll
Symbol file LoadedFromMemory is not a mono symbol file
Symbol file data-0000025D70F91FD0 doesn't match image C:\Users\klapo\Documents\GitHub\CPTC-Visualization\Unity Project\CPTC Visualizer\Library\ScriptAssemblies\Unity.RenderPipelines.Core.Editor.dll
Symbol file LoadedFromMemory is not a mono symbol file
Symbol file data-0000025D70CCB040 doesn't match image C:\Users\klapo\Documents\GitHub\CPTC-Visualization\Unity Project\CPTC Visualizer\Library\ScriptAssemblies\Unity.2D.SpriteShape.Runtime.dll
Symbol file LoadedFromMemory is not a mono symbol file
Native extension for WindowsStandalone target not found
Native extension for WebGL target not found
Refreshing native plugins compatible for Editor in 0.43 ms, found 1 plugins.
Preloading 0 native plugins for Editor in 0.00 ms.
Invoked RoslynAnalysisRunner static constructor.
RoslynAnalysisRunner will not be running.
RoslynAnalysisRunner has terminated.
Mono: successfully reloaded assembly
- Completed reload, in  0.808 seconds
Platform modules already initialized, skipping
Refreshing native plugins compatible for Editor in 0.42 ms, found 1 plugins.
Preloading 0 native plugins for Editor in 0.00 ms.
Unloading 2889 Unused Serialized files (Serialized files now loaded: 0)
System memory in use before: 119.3 MB.
System memory in use after: 119.4 MB.

Unloading 13 unused Assets to reduce memory usage. Loaded Objects now: 3354.
Total: 2.030400 ms (FindLiveObjects: 0.213200 ms CreateObjectMapping: 0.105600 ms MarkObjects: 1.596200 ms  DeleteObjects: 0.114800 ms)

AssetImportWorkerClient::OnTransportError - code=2 error=End of file
