Using pre-set license
Built from '2020.2/release' branch; Version is '2020.2.2f1 (068178b99f32) revision 426360'; Using compiler version '192528614'; Build Type 'Release'
OS: 'Windows 10 Home; OS build 19042.746; Version 2009; 64bit' Language: 'en' Physical Memory: 16328 MB
BatchMode: 1, IsHumanControllingUs: 0, StartBugReporterOnCrash: 0, Is64bit: 1, IsPro: 0

 COMMAND LINE ARGUMENTS:
E:\Program Files\Unity\2020.2.2f1\Editor\Unity.exe
-adb2
-batchMode
-noUpm
-name
AssetImportWorker10
-projectPath
E:/justi/Documents/repos/CPTC-Visualization/Unity Project/CPTC Visualizer
-logFile
Logs/AssetImportWorker10.log
-srvPort
61599
Successfully changed project path to: E:/justi/Documents/repos/CPTC-Visualization/Unity Project/CPTC Visualizer
E:/justi/Documents/repos/CPTC-Visualization/Unity Project/CPTC Visualizer
Using Asset Import Pipeline V2.
